<?xml version="1.0" encoding="UTF-8"?>
<testsuite xmlns:xsi="http://www.w3.org/2001/XMLSchema-instance" xsi:noNamespaceSchemaLocation="https://maven.apache.org/surefire/maven-surefire-plugin/xsd/surefire-test-report.xsd" name="APITests.UpdateBookingTests" time="11.666" tests="3" errors="0" skipped="0" failures="0">
  <properties>
[...]
</properties>
  <testcase name="testUpdateBookingReturnsCorrectDetails" classname="APITests.UpdateBookingTests" time="3.458"/>
  <testcase name="testPartialUpdateBookingReturns200" classname="APITests.UpdateBookingTests" time="3.501"/>
  <testcase name="testUpdateBookingReturns200" classname="APITests.UpdateBookingTests" time="3.511"/>
</testsuite>